<?xml version="1.0" encoding="UTF-8"?>
<testng-results skipped="0" failed="0" ignored="0" total="1" passed="1">
  <reporter-output>
  </reporter-output>
  <suite name="Default suite" duration-ms="3414" started-at="2021-07-10T16:50:25 CDT" finished-at="2021-07-10T16:50:28 CDT">
    <groups>
    </groups>
    <test name="Default test" duration-ms="3414" started-at="2021-07-10T16:50:25 CDT" finished-at="2021-07-10T16:50:28 CDT">
      <class name="test.Add_A_CategoryTest">
        <test-method status="PASS" signature="launchBrowser()[pri:0, instance:test.Add_A_CategoryTest@27a8c74e]" name="launchBrowser" is-config="true" duration-ms="2546" started-at="2021-07-10T16:50:25 CDT" finished-at="2021-07-10T16:50:27 CDT">
          <reporter-output>
          </reporter-output>
        </test-method> <!-- launchBrowser -->
        <test-method status="PASS" signature="validateAddedCategory()[pri:0, instance:test.Add_A_CategoryTest@27a8c74e]" name="validateAddedCategory" duration-ms="137" started-at="2021-07-10T16:50:27 CDT" finished-at="2021-07-10T16:50:27 CDT">
          <reporter-output>
          </reporter-output>
        </test-method> <!-- validateAddedCategory -->
        <test-method status="PASS" signature="tearDown()[pri:0, instance:test.Add_A_CategoryTest@27a8c74e]" name="tearDown" is-config="true" duration-ms="697" started-at="2021-07-10T16:50:27 CDT" finished-at="2021-07-10T16:50:28 CDT">
          <reporter-output>
          </reporter-output>
        </test-method> <!-- tearDown -->
      </class> <!-- test.Add_A_CategoryTest -->
    </test> <!-- Default test -->
  </suite> <!-- Default suite -->
</testng-results>
